= Host-specific information ====================================================
$> hostname; uname -msr
e1r6p13.unit.ua
Darwin 15.5.0 x86_64
$> date
Tue Dec  5 12:52:17 EET 2017
$> gcc --version
Configured with: --prefix=/Applications/Xcode.app/Contents/Developer/usr --with-gxx-include-dir=/usr/include/c++/4.2.1
Apple LLVM version 8.0.0 (clang-800.0.42.1)
Target: x86_64-apple-darwin15.5.0
Thread model: posix
InstalledDir: /Applications/Xcode.app/Contents/Developer/Toolchains/XcodeDefault.xctoolchain/usr/bin
$> clang --version
Apple LLVM version 8.0.0 (clang-800.0.42.1)
Target: x86_64-apple-darwin15.5.0
Thread model: posix
InstalledDir: /Applications/Xcode.app/Contents/Developer/Toolchains/XcodeDefault.xctoolchain/usr/bin

= User files collection ========================================================
Collecting user files from Vogsphere
Repository URL: auto-exam/2017/c-exam-alone-in-the-dark-beginner/exam_20171205/ovirchen

= Git history ==================================================================
$> git -C /var/folders/7k/hkjjcgzx0zd2lhl66t7gwhph0000gq/T/tmpTTjLCm/user log --pretty='%H - %an, %ad : %s'
7415992858acb57fb2247041af5644f97bd4a071 - Exam 42, Tue Dec 5 12:52:02 2017 +0200 : second
a5ae20f99072855dbe137580fda9ec4a255e55d8 - Exam 42, Tue Dec 5 10:26:54 2017 +0200 : first
 
= Collected files ==========================================
$> ls -lAR /var/folders/7k/hkjjcgzx0zd2lhl66t7gwhph0000gq/T/tmpTTjLCm/user
total 8
-rw-r--r--  1 deepthought  deepthought  650 Dec  5 12:52 __GIT_HISTORY
drwxr-xr-x  3 deepthought  deepthought  102 Dec  5 12:52 rev_wstr
drwxr-xr-x  6 deepthought  deepthought  204 Dec  5 12:52 rpn_calc

/var/folders/7k/hkjjcgzx0zd2lhl66t7gwhph0000gq/T/tmpTTjLCm/user/rev_wstr:
total 8
-rw-r--r--  1 deepthought  deepthought  1515 Dec  5 12:52 rev_wstr.c

/var/folders/7k/hkjjcgzx0zd2lhl66t7gwhph0000gq/T/tmpTTjLCm/user/rpn_calc:
total 32
-rw-r--r--  1 deepthought  deepthought  1153 Dec  5 12:52 operations.c
-rw-r--r--  1 deepthought  deepthought  2573 Dec  5 12:52 rpn_calc.c
-rw-r--r--  1 deepthought  deepthought  1171 Dec  5 12:52 rpn_calc.h
-rw-r--r--  1 deepthought  deepthought  1639 Dec  5 12:52 valid_str.c
 
= rpn_calc =====================================================================
$> gcc -Wextra -Wall -Werror valid_str.c rpn_calc.c operations.c -o user_exe 

= Test 1 ===================================================
$> ./zzoof0a0682mswm8ox6zp0cp 
$> diff -U 3 user_output_test1 test1.output | cat -e

Diff OK :D
= Test 2 ===================================================
$> ./r711oi5mr3api19p9pf38k3e "2 3 -" "5 6 +"
$> diff -U 3 user_output_test2 test2.output | cat -e

Diff OK :D
= Test 3 ===================================================
$> ./ajj5dtmac3rdk1t8wzuveqea "2 -"
$> diff -U 3 user_output_test3 test3.output | cat -e

Diff OK :D
= Test 4 ===================================================
$> ./hlxlbbr5bmkmvgnwl9hcbvab "-"
$> diff -U 3 user_output_test4 test4.output | cat -e

Diff OK :D
= Test 5 ===================================================
$> ./y6stq2oejqa21yfz9hdcyocm "2 5 6 -"
$> diff -U 3 user_output_test5 test5.output | cat -e

Diff OK :D
= Test 6 ===================================================
$> ./t44t4x8pwqpx61wlbtzzoozq "3 4 +"
$> diff -U 3 user_output_test6 test6.output | cat -e

Diff OK :D
= Test 7 ===================================================
$> ./b1pd9hl7f2gcaqe843e9n0ll "2 4 + 8 *"
$> diff -U 3 user_output_test7 test7.output | cat -e

Diff OK :D
= Test 8 ===================================================
$> ./tk71m0jxoo961yy3gcwq00tn "50 10 25 + -"
$> diff -U 3 user_output_test8 test8.output | cat -e

Diff OK :D
= Test 9 ===================================================
$> ./kyxnn6ehei9o4yvd0uojt7gq "1000 5 2 * /"
$> diff -U 3 user_output_test9 test9.output | cat -e

Diff OK :D
= Test 10 ==================================================
$> ./a10um1myab0pqt3cgq3ltunh "1000 3 %"
$> diff -U 3 user_output_test10 test10.output | cat -e

Diff OK :D
= Test 11 ==================================================
$> ./fl9x9zzu8fdztgtujs5gty49 "1000 0 /"
Command './fl9x9zzu8fdztgtujs5gty49 "1000 0 /"' got killed by a Floating exception (Signal -8)
Grade: 0

= Final grade: 0 ===============================================================
