= Host-specific information ====================================================
$> hostname; uname -msr
e3r6p4.unit.ua
Darwin 17.0.0 x86_64
$> date
Tue Nov 28 13:09:40 EET 2017
$> gcc --version
Configured with: --prefix=/Applications/Xcode.app/Contents/Developer/usr --with-gxx-include-dir=/Applications/Xcode.app/Contents/Developer/Platforms/MacOSX.platform/Developer/SDKs/MacOSX10.13.sdk/usr/include/c++/4.2.1
Apple LLVM version 9.0.0 (clang-900.0.34.1)
Target: x86_64-apple-darwin17.0.0
Thread model: posix
InstalledDir: /Applications/Xcode.app/Contents/Developer/Toolchains/XcodeDefault.xctoolchain/usr/bin
$> clang --version
Apple LLVM version 9.0.0 (clang-900.0.34.1)
Target: x86_64-apple-darwin17.0.0
Thread model: posix
InstalledDir: /Applications/Xcode.app/Contents/Developer/Toolchains/XcodeDefault.xctoolchain/usr/bin

= User files collection ========================================================
Collecting user files from Vogsphere
Repository URL: auto-exam/2017/c-exam-alone-in-the-dark-beginner/exam_20171128/ovirchen

= Git history ==================================================================
$> git -C /var/folders/mc/rpk_0z255yq2j6kb_x74fc600000gp/T/tmp_1xPja/user log --pretty='%H - %an, %ad : %s'
cec5168f9c92e20cb99f69632d9a766871a5620c - Exam 42, Tue Nov 28 13:09:08 2017 +0200 : count_island
81f31d3eec63b62e6d18e3f3cba44ddd8a59c9ae - Exam 42, Tue Nov 28 11:01:37 2017 +0200 : sort
c46f10f7a6edebfe8db1e36b7320cbbe309dc344 - Exam 42, Tue Nov 28 10:49:32 2017 +0200 : what
eb6aa922cb8ac54482081e77bca167ff5c5c0bca - Exam 42, Tue Nov 28 10:26:00 2017 +0200 : fprime
 
= Collected files ==========================================
$> ls -lAR /var/folders/mc/rpk_0z255yq2j6kb_x74fc600000gp/T/tmp_1xPja/user
total 8
-rw-r--r--  1 deepthought  deepthought  1150 Nov 28 13:09 __GIT_HISTORY
drwxr-xr-x  6 deepthought  deepthought   204 Nov 28 13:09 count_island
drwxr-xr-x  3 deepthought  deepthought   102 Nov 28 13:09 fprime
drwxr-xr-x  3 deepthought  deepthought   102 Nov 28 13:09 sort_int_tab

/var/folders/mc/rpk_0z255yq2j6kb_x74fc600000gp/T/tmp_1xPja/user/count_island:
total 32
-rw-r--r--  1 deepthought  deepthought  1258 Nov 28 13:09 check_file.c
-rw-r--r--  1 deepthought  deepthought  1139 Nov 28 13:09 count_isl.h
-rw-r--r--  1 deepthought  deepthought  2003 Nov 28 13:09 count_island.c
-rw-r--r--  1 deepthought  deepthought  1641 Nov 28 13:09 main.c

/var/folders/mc/rpk_0z255yq2j6kb_x74fc600000gp/T/tmp_1xPja/user/fprime:
total 8
-rw-r--r--  1 deepthought  deepthought  1453 Nov 28 13:09 fprime.c

/var/folders/mc/rpk_0z255yq2j6kb_x74fc600000gp/T/tmp_1xPja/user/sort_int_tab:
total 8
-rw-r--r--  1 deepthought  deepthought  1172 Nov 28 13:09 sort_int_tab.c
 
= count_island =================================================================
$> gcc -Wextra -Wall -Werror check_file.c count_island.c main.c -o user_exe 

= Test 1 ===================================================
$> ./ostnqvqb1qfctjo7x0gote6y test1.prm
$> diff -U 3 user_output_test1 test1.output | cat -e

Diff OK :D
= Test 2 ===================================================
$> ./2y48zlfw1ytkud24dvqjtzhv test2.prm
$> diff -U 3 user_output_test2 test2.output | cat -e

Diff OK :D
= Test 3 ===================================================
$> ./4fsgcvfjus4acautivrh0k7f test3.prm
$> diff -U 3 user_output_test3 test3.output | cat -e

Diff OK :D
= Test 4 ===================================================
$> ./e4kg1yr6teamccsolwe3ch2m test4.prm
$> diff -U 3 user_output_test4 test4.output | cat -e

Diff OK :D
= Test 5 ===================================================
$> ./tt6ibujjcxf8ifkyp7f3v88x test5.prm
$> diff -U 3 user_output_test5 test5.output | cat -e

Diff OK :D
= Test 6 ===================================================
$> ./0i6xb133jelsh92pb4ggcjfs test6.prm
$> diff -U 3 user_output_test6 test6.output | cat -e

Diff OK :D
= Test 7 ===================================================
$> ./roexv6ge6tg1imipqp7fn3iz test7.prm
$> diff -U 3 user_output_test7 test7.output | cat -e

Diff OK :D
= Test 8 ===================================================
$> ./bbi6r61ghxncpidgwk1xenwc test8.prm
$> diff -U 3 user_output_test8 test8.output | cat -e

Diff OK :D
= Test 9 ===================================================
$> ./mmzbtubt4dib36lu75thppto test9.prm
$> diff -U 3 user_output_test9 test9.output | cat -e

Diff OK :D
= Test 10 ==================================================
$> ./qeykip5ysd7bhfxqlmiwg02y test10.prm
$> diff -U 3 user_output_test10 test10.output | cat -e

Diff OK :D
= Test 11 ==================================================
$> ./wttffk3tczj7l6tbj1r2kyvo test11.prm
$> diff -U 3 user_output_test11 test11.output | cat -e

Diff OK :D
Grade: 1

= Final grade: 1 ===============================================================
