= Host-specific information ====================================================
$> hostname; uname -msr
e2r6p2.unit.ua
Darwin 17.0.0 x86_64
$> date
Tue Nov 21 12:08:56 EET 2017
$> gcc --version
Configured with: --prefix=/Applications/Xcode.app/Contents/Developer/usr --with-gxx-include-dir=/Applications/Xcode.app/Contents/Developer/Platforms/MacOSX.platform/Developer/SDKs/MacOSX10.13.sdk/usr/include/c++/4.2.1
Apple LLVM version 9.0.0 (clang-900.0.34.1)
Target: x86_64-apple-darwin17.0.0
Thread model: posix
InstalledDir: /Applications/Xcode.app/Contents/Developer/Toolchains/XcodeDefault.xctoolchain/usr/bin
$> clang --version
Apple LLVM version 9.0.0 (clang-900.0.34.1)
Target: x86_64-apple-darwin17.0.0
Thread model: posix
InstalledDir: /Applications/Xcode.app/Contents/Developer/Toolchains/XcodeDefault.xctoolchain/usr/bin

= User files collection ========================================================
Collecting user files from Vogsphere
Repository URL: auto-exam/2017/c-exam-alone-in-the-dark-beginner/exam_20171121/ovirchen

= Git history ==================================================================
$> git -C /var/folders/_v/dhqqmbyx6knfqq9ts63vphm00000gp/T/tmp8TB8ai/user log --pretty='%H - %an, %ad : %s'
cc4b1a4a2386623beebc06f412259abd354345a7 - Exam 42, Tue Nov 21 12:08:41 2017 +0200 : brackets
21d52ebe2cd1164fb860becceeebbec4a0dd3cae - Exam 42, Tue Nov 21 11:28:11 2017 +0200 : sort
e3388ba76c15448683f77620bd013cff26dbceb7 - Exam 42, Tue Nov 21 10:48:52 2017 +0200 : check
 
= Collected files ==========================================
$> ls -lAR /var/folders/_v/dhqqmbyx6knfqq9ts63vphm00000gp/T/tmp8TB8ai/user
total 8
-rw-r--r--  1 deepthought  deepthought  745 Nov 21 12:08 __GIT_HISTORY
drwxr-xr-x  3 deepthought  deepthought  102 Nov 21 12:08 brackets
drwxr-xr-x  3 deepthought  deepthought  102 Nov 21 12:08 check_mate
drwxr-xr-x  3 deepthought  deepthought  102 Nov 21 12:08 sort_list

/var/folders/_v/dhqqmbyx6knfqq9ts63vphm00000gp/T/tmp8TB8ai/user/brackets:
total 8
-rw-r--r--  1 deepthought  deepthought  1933 Nov 21 12:08 brackets.c

/var/folders/_v/dhqqmbyx6knfqq9ts63vphm00000gp/T/tmp8TB8ai/user/check_mate:
total 16
-rw-r--r--  1 deepthought  deepthought  5050 Nov 21 12:08 check_mate.c

/var/folders/_v/dhqqmbyx6knfqq9ts63vphm00000gp/T/tmp8TB8ai/user/sort_list:
total 8
-rw-r--r--  1 deepthought  deepthought  1281 Nov 21 12:08 sort_list.c
 
= brackets =====================================================================
$> gcc -Wextra -Wall -Werror brackets.c -o user_exe 

= Test 1 ===================================================
$> ./w5j2e8qfsutd41moxyaw7v2f '(toto)'
$> diff -U 3 user_output_test1 test1.output | cat -e

Diff OK :D
= Test 2 ===================================================
$> ./i5ctghwgzojhkahjeqdfqo0t '([)]'
$> diff -U 3 user_output_test2 test2.output | cat -e

Diff OK :D
= Test 3 ===================================================
$> ./jbic385kmqvt0k7i6743fij2 '' '{[(0 + 0)(1 + 1)](3*(-1)){()}}'
$> diff -U 3 user_output_test3 test3.output | cat -e

Diff OK :D
= Test 4 ===================================================
$> ./tpvsyn836xak4t3b5jzfxxe5 
$> diff -U 3 user_output_test4 test4.output | cat -e

Diff OK :D
= Test 5 ===================================================
$> ./h12rr7i12d775jtevwi9yj55 '()' '[]' '{}' '' 'toto' '([{}[{(()[])}()]]())(((([])))())'
$> diff -U 3 user_output_test5 test5.output | cat -e
--- user_output_test5	2017-11-21 12:08:59.000000000 +0200$
+++ test5.output	2017-11-21 12:08:58.000000000 +0200$
@@ -3,4 +3,4 @@$
 OK$
 OK$
 OK$
-Error$
+OK$

Diff KO :(
Grade: 0

= Final grade: 0 ===============================================================
